mode: atomic
github.com/divakarmanoj/go-remote-config/client/client.go:22.115,38.16 4 5
github.com/divakarmanoj/go-remote-config/client/client.go:45.2,48.20 2 4
github.com/divakarmanoj/go-remote-config/client/client.go:38.16,41.3 2 1
github.com/divakarmanoj/go-remote-config/client/client.go:54.51,56.6 2 5
github.com/divakarmanoj/go-remote-config/client/client.go:56.6,57.10 1 6
github.com/divakarmanoj/go-remote-config/client/client.go:58.19,61.18 2 1
github.com/divakarmanoj/go-remote-config/client/client.go:64.21,66.10 1 5
github.com/divakarmanoj/go-remote-config/client/client.go:61.18,63.5 1 0
github.com/divakarmanoj/go-remote-config/client/client.go:75.26,80.2 1 4
github.com/divakarmanoj/go-remote-config/client/client.go:86.65,89.9 2 22
github.com/divakarmanoj/go-remote-config/client/client.go:93.2,94.16 2 22
github.com/divakarmanoj/go-remote-config/client/client.go:98.2,99.16 2 22
github.com/divakarmanoj/go-remote-config/client/client.go:103.2,103.12 1 22
github.com/divakarmanoj/go-remote-config/client/client.go:89.9,91.3 1 0
github.com/divakarmanoj/go-remote-config/client/client.go:94.16,96.3 1 0
github.com/divakarmanoj/go-remote-config/client/client.go:99.16,101.3 1 0
github.com/divakarmanoj/go-remote-config/client/client.go:107.73,110.9 2 0
github.com/divakarmanoj/go-remote-config/client/client.go:114.2,115.9 2 0
github.com/divakarmanoj/go-remote-config/client/client.go:119.2,119.25 1 0
github.com/divakarmanoj/go-remote-config/client/client.go:110.9,112.3 1 0
github.com/divakarmanoj/go-remote-config/client/client.go:115.9,117.3 1 0
github.com/divakarmanoj/go-remote-config/client/client.go:123.63,126.9 2 0
github.com/divakarmanoj/go-remote-config/client/client.go:130.2,131.9 2 0
github.com/divakarmanoj/go-remote-config/client/client.go:135.2,135.26 1 0
github.com/divakarmanoj/go-remote-config/client/client.go:126.9,128.3 1 0
github.com/divakarmanoj/go-remote-config/client/client.go:131.9,133.3 1 0
github.com/divakarmanoj/go-remote-config/client/client.go:139.57,142.9 2 4
github.com/divakarmanoj/go-remote-config/client/client.go:145.2,146.9 2 4
github.com/divakarmanoj/go-remote-config/client/client.go:150.2,150.23 1 4
github.com/divakarmanoj/go-remote-config/client/client.go:142.9,144.3 1 0
github.com/divakarmanoj/go-remote-config/client/client.go:146.9,148.3 1 0
github.com/divakarmanoj/go-remote-config/client/client.go:154.63,157.9 2 4
github.com/divakarmanoj/go-remote-config/client/client.go:160.2,161.9 2 4
github.com/divakarmanoj/go-remote-config/client/client.go:165.2,165.23 1 4
github.com/divakarmanoj/go-remote-config/client/client.go:157.9,159.3 1 0
github.com/divakarmanoj/go-remote-config/client/client.go:161.9,163.3 1 0
